Using pre-set license
Built from '2021.3/staging' branch; Version is '2021.3.6f1 (7da38d85baf6) revision 8233869'; Using compiler version '192829333'; Build Type 'Release'
OS: 'Windows 10  (10.0.19044) 64bit Professional' Language: 'es' Physical Memory: 8129 MB
BatchMode: 1, IsHumanControllingUs: 0, StartBugReporterOnCrash: 0, Is64bit: 1, IsPro: 1

COMMAND LINE ARGUMENTS:
C:\Program Files\Unity\Hub\Editor\2021.3.6f1\Editor\Unity.exe
-adb2
-batchMode
-noUpm
-name
AssetImportWorker4
-projectPath
G:/Proyecto-Pixel-Art
-logFile
Logs/AssetImportWorker4.log
-srvPort
50552
Successfully changed project path to: G:/Proyecto-Pixel-Art
G:/Proyecto-Pixel-Art
[UnityMemory] Configuration Parameters - Can be set up in boot.config
    "memorysetup-bucket-allocator-granularity=16"
    "memorysetup-bucket-allocator-bucket-count=8"
    "memorysetup-bucket-allocator-block-size=33554432"
    "memorysetup-bucket-allocator-block-count=8"
    "memorysetup-main-allocator-block-size=16777216"
    "memorysetup-thread-allocator-block-size=16777216"
    "memorysetup-gfx-main-allocator-block-size=16777216"
    "memorysetup-gfx-thread-allocator-block-size=16777216"
    "memorysetup-cache-allocator-block-size=4194304"
    "memorysetup-typetree-allocator-block-size=2097152"
    "memorysetup-profiler-bucket-allocator-granularity=16"
    "memorysetup-profiler-bucket-allocator-bucket-count=8"
    "memorysetup-profiler-bucket-allocator-block-size=33554432"
    "memorysetup-profiler-bucket-allocator-block-count=8"
    "memorysetup-profiler-allocator-block-size=16777216"
    "memorysetup-profiler-editor-allocator-block-size=1048576"
    "memorysetup-temp-allocator-size-main=16777216"
    "memorysetup-job-temp-allocator-block-size=2097152"
    "memorysetup-job-temp-allocator-block-size-background=1048576"
    "memorysetup-job-temp-allocator-reduction-small-platforms=262144"
    "memorysetup-temp-allocator-size-background-worker=32768"
    "memorysetup-temp-allocator-size-job-worker=262144"
    "memorysetup-temp-allocator-size-preload-manager=33554432"
    "memorysetup-temp-allocator-size-nav-mesh-worker=65536"
    "memorysetup-temp-allocator-size-audio-worker=65536"
    "memorysetup-temp-allocator-size-cloud-worker=32768"
    "memorysetup-temp-allocator-size-gi-baking-worker=262144"
    "memorysetup-temp-allocator-size-gfx=262144"
Refreshing native plugins compatible for Editor in 325.54 ms, found 4 plugins.
Preloading 0 native plugins for Editor in 0.00 ms.
Initialize engine version: 2021.3.6f1 (7da38d85baf6)
[Subsystems] Discovering subsystems at path C:/Program Files/Unity/Hub/Editor/2021.3.6f1/Editor/Data/Resources/UnitySubsystems
[Subsystems] Discovering subsystems at path G:/Proyecto-Pixel-Art/Assets
GfxDevice: creating device client; threaded=0; jobified=0
Direct3D:
    Version:  Direct3D 11.0 [level 11.1]
    Renderer: NVIDIA GeForce GTX 1050 (ID=0x1c81)
    Vendor:   NVIDIA
    VRAM:     1977 MB
    Driver:   31.0.15.1694
Initialize mono
Mono path[0] = 'C:/Program Files/Unity/Hub/Editor/2021.3.6f1/Editor/Data/Managed'
Mono path[1] = 'C:/Program Files/Unity/Hub/Editor/2021.3.6f1/Editor/Data/MonoBleedingEdge/lib/mono/unityjit-win32'
Mono config path = 'C:/Program Files/Unity/Hub/Editor/2021.3.6f1/Editor/Data/MonoBleedingEdge/etc'
Using monoOptions --debugger-agent=transport=dt_socket,embedding=1,server=y,suspend=n,address=127.0.0.1:56176
Begin MonoManager ReloadAssembly
Registering precompiled unity dll's ...
Register platform support module: C:/Program Files/Unity/Hub/Editor/2021.3.6f1/Editor/Data/PlaybackEngines/WindowsStandaloneSupport/UnityEditor.WindowsStandalone.Extensions.dll
Registered in 0.009226 seconds.
Native extension for WindowsStandalone target not found
Refreshing native plugins compatible for Editor in 131.10 ms, found 4 plugins.
Preloading 0 native plugins for Editor in 0.00 ms.
Mono: successfully reloaded assembly
- Completed reload, in  0.902 seconds
Domain Reload Profiling:
	ReloadAssembly (903ms)
		BeginReloadAssembly (99ms)
			ExecutionOrderSort (0ms)
			DisableScriptedObjects (0ms)
			BackupInstance (0ms)
			ReleaseScriptingObjects (0ms)
			CreateAndSetChildDomain (1ms)
		EndReloadAssembly (658ms)
			LoadAssemblies (96ms)
			RebuildTransferFunctionScriptingTraits (0ms)
			SetupTypeCache (132ms)
			ReleaseScriptCaches (0ms)
			RebuildScriptCaches (37ms)
			SetupLoadedEditorAssemblies (424ms)
				LogAssemblyErrors (0ms)
				InitializePlatformSupportModulesInManaged (9ms)
				SetLoadedEditorAssemblies (0ms)
				RefreshPlugins (131ms)
				BeforeProcessingInitializeOnLoad (2ms)
				ProcessInitializeOnLoadAttributes (200ms)
				ProcessInitializeOnLoadMethodAttributes (82ms)
				AfterProcessingInitializeOnLoad (0ms)
				EditorAssembliesLoaded (0ms)
			ExecutionOrderSort2 (0ms)
			AwakeInstancesAfterBackupRestoration (0ms)
Platform modules already initialized, skipping
Registering precompiled user dll's ...
Registered in 0.011269 seconds.
Begin MonoManager ReloadAssembly
Symbol file LoadedFromMemory doesn't match image G:\Proyecto-Pixel-Art\Library\PackageCache\com.unity.visualscripting@1.7.8\Editor\VisualScripting.Core\Dependencies\YamlDotNet\Unity.VisualScripting.YamlDotNet.dll
Symbol file LoadedFromMemory doesn't match image G:\Proyecto-Pixel-Art\Library\PackageCache\com.unity.visualscripting@1.7.8\Editor\VisualScripting.Core\Dependencies\DotNetZip\Unity.VisualScripting.IonicZip.dll
Native extension for WindowsStandalone target not found
Refreshing native plugins compatible for Editor in 118.17 ms, found 4 plugins.
Preloading 0 native plugins for Editor in 0.00 ms.
Mono: successfully reloaded assembly
- Completed reload, in  1.579 seconds
Domain Reload Profiling:
	ReloadAssembly (1580ms)
		BeginReloadAssembly (157ms)
			ExecutionOrderSort (0ms)
			DisableScriptedObjects (7ms)
			BackupInstance (0ms)
			ReleaseScriptingObjects (0ms)
			CreateAndSetChildDomain (31ms)
		EndReloadAssembly (1244ms)
			LoadAssemblies (123ms)
			RebuildTransferFunctionScriptingTraits (0ms)
			SetupTypeCache (348ms)
			ReleaseScriptCaches (1ms)
			RebuildScriptCaches (68ms)
			SetupLoadedEditorAssemblies (663ms)
				LogAssemblyErrors (0ms)
				InitializePlatformSupportModulesInManaged (6ms)
				SetLoadedEditorAssemblies (0ms)
				RefreshPlugins (118ms)
				BeforeProcessingInitializeOnLoad (123ms)
				ProcessInitializeOnLoadAttributes (344ms)
				ProcessInitializeOnLoadMethodAttributes (62ms)
				AfterProcessingInitializeOnLoad (10ms)
				EditorAssembliesLoaded (0ms)
			ExecutionOrderSort2 (0ms)
			AwakeInstancesAfterBackupRestoration (8ms)
Platform modules already initialized, skipping
========================================================================
Worker process is ready to serve import requests
Launched and connected shader compiler UnityShaderCompiler.exe after 0.06 seconds
Refreshing native plugins compatible for Editor in 1.06 ms, found 4 plugins.
Preloading 0 native plugins for Editor in 0.00 ms.
Unloading 4068 Unused Serialized files (Serialized files now loaded: 0)
Unloading 38 unused Assets / (55.6 KB). Loaded Objects now: 4525.
Memory consumption went from 151.8 MB to 151.7 MB.
Total: 4.609400 ms (FindLiveObjects: 0.526800 ms CreateObjectMapping: 0.404700 ms MarkObjects: 3.553500 ms  DeleteObjects: 0.123000 ms)

AssetImportParameters requested are different than current active one (requested -> active):
  custom:video-decoder-ogg-theora: a1e56fd34408186e4bbccfd4996cb3dc -> 
  custom:container-muxer-webm: aa71ff27fc2769a1b78a27578f13a17b -> 
  custom:container-demuxer-webm: 4f35f7cbe854078d1ac9338744f61a02 -> 
  custom:video-encoder-webm-vp8: eb34c28f22e8b96e1ab97ce403110664 -> 
  custom:audio-encoder-webm-vorbis: bf7c407c2cedff20999df2af8eb42d56 -> 
  custom:framework-win-MediaFoundation: 216162199b28c13a410421893ffa2e32 -> 
  custom:container-demuxer-ogg: 62fdf1f143b41e24485cea50d1cbac27 -> 
  custom:video-decoder-webm-vp8: 9c59270c3fd7afecdb556c50c9e8de78 -> 
  custom:audio-decoder-ogg-vorbis: bf7c407c2cedff20999df2af8eb42d56 -> 
========================================================================
Received Import Request.
  Time since last request: 3231.627240 seconds.
  path: ProjectSettings/TagManager.asset
  artifactKey: Guid(00000000000000003000000000000000) Importer(815301076,1909f56bfc062723c751e8b465ee728b)
Start importing ProjectSettings/TagManager.asset using Guid(00000000000000003000000000000000) Importer(815301076,1909f56bfc062723c751e8b465ee728b)  -> (artifact id: 'e400b662428f1aa4159037cbc1e2a05e') in 0.054621 seconds 
========================================================================
Received Import Request.
  Time since last request: 46.966512 seconds.
  path: Assets/SFX
  artifactKey: Guid(befece068a6d4ba4c841db935a435c18) Importer(815301076,1909f56bfc062723c751e8b465ee728b)
Start importing Assets/SFX using Guid(befece068a6d4ba4c841db935a435c18) Importer(815301076,1909f56bfc062723c751e8b465ee728b)  -> (artifact id: 'e4b5f3c48866cabacffe18c5c4cfd9b2') in 0.007695 seconds 
========================================================================
Received Import Request.
  Time since last request: 3.030192 seconds.
  path: Assets/Audio
  artifactKey: Guid(2f24fbd1316a2f74ebbbe3cbc1cfc237) Importer(815301076,1909f56bfc062723c751e8b465ee728b)
Start importing Assets/Audio using Guid(2f24fbd1316a2f74ebbbe3cbc1cfc237) Importer(815301076,1909f56bfc062723c751e8b465ee728b)  -> (artifact id: 'd78b746fe1d2aabf72417460547759d4') in 0.007581 seconds 
========================================================================
Received Import Request.
  Time since last request: 0.830502 seconds.
  path: Assets/Audio/SFX
  artifactKey: Guid(33c0ef62197d255408d9926b16349780) Importer(815301076,1909f56bfc062723c751e8b465ee728b)
Start importing Assets/Audio/SFX using Guid(33c0ef62197d255408d9926b16349780) Importer(815301076,1909f56bfc062723c751e8b465ee728b)  -> (artifact id: 'ac02f2d7fe3086c3e22dd85b7485d46c') in 0.002162 seconds 
========================================================================
Received Import Request.
  Time since last request: 0.042587 seconds.
  path: Assets/Audio/SFX/1up.wav
  artifactKey: Guid(95cd0ed53ae63594b82107a1929f8e73) Importer(815301076,1909f56bfc062723c751e8b465ee728b)
Start importing Assets/Audio/SFX/1up.wav using Guid(95cd0ed53ae63594b82107a1929f8e73) Importer(815301076,1909f56bfc062723c751e8b465ee728b)  -> (artifact id: '73c5a8d8b835b7ff4748a6cd79862062') in 0.641830 seconds 
========================================================================
Received Import Request.
  Time since last request: 0.000030 seconds.
  path: Assets/Audio/SFX/Vine.wav
  artifactKey: Guid(21e0dad2373b37a4a841b33be82506f4) Importer(815301076,1909f56bfc062723c751e8b465ee728b)
Start importing Assets/Audio/SFX/Vine.wav using Guid(21e0dad2373b37a4a841b33be82506f4) Importer(815301076,1909f56bfc062723c751e8b465ee728b)  -> (artifact id: '374e871e9d4ab0c6cc97541f2bd6c751') in 0.014811 seconds 
========================================================================
Received Import Request.
  Time since last request: 0.000048 seconds.
  path: Assets/Audio/SFX/Break.wav
  artifactKey: Guid(9381ca705c423d14c8064596aff9feb7) Importer(815301076,1909f56bfc062723c751e8b465ee728b)
Start importing Assets/Audio/SFX/Break.wav using Guid(9381ca705c423d14c8064596aff9feb7) Importer(815301076,1909f56bfc062723c751e8b465ee728b)  -> (artifact id: '4315ee2eebd7625db9f0eada5ddfa033') in 0.028078 seconds 
========================================================================
Received Import Request.
  Time since last request: 0.000033 seconds.
  path: Assets/Audio/SFX/Fire Ball.wav
  artifactKey: Guid(7b89fb3ab52a3214ab2660f40ffda9ca) Importer(815301076,1909f56bfc062723c751e8b465ee728b)
Start importing Assets/Audio/SFX/Fire Ball.wav using Guid(7b89fb3ab52a3214ab2660f40ffda9ca) Importer(815301076,1909f56bfc062723c751e8b465ee728b)  -> (artifact id: 'cb749964c254ab0b7ec3caac333d5edf') in 0.037349 seconds 
========================================================================
Received Import Request.
  Time since last request: 0.000025 seconds.
  path: Assets/Audio/SFX/Item.wav
  artifactKey: Guid(03496d5a12423e246a8bb78d420d7419) Importer(815301076,1909f56bfc062723c751e8b465ee728b)
Start importing Assets/Audio/SFX/Item.wav using Guid(03496d5a12423e246a8bb78d420d7419) Importer(815301076,1909f56bfc062723c751e8b465ee728b)  -> (artifact id: '307ac5105dbbd8ac99fa536afc1c7b1c') in 0.019487 seconds 
========================================================================
Received Import Request.
  Time since last request: 0.000061 seconds.
  path: Assets/Audio/SFX/Jump.wav
  artifactKey: Guid(0315ee58e953de24c9e533d5b63e6e49) Importer(815301076,1909f56bfc062723c751e8b465ee728b)
Start importing Assets/Audio/SFX/Jump.wav using Guid(0315ee58e953de24c9e533d5b63e6e49) Importer(815301076,1909f56bfc062723c751e8b465ee728b)  -> (artifact id: '19bc725c34a5084a5cdf570acba82dba') in 0.049399 seconds 
========================================================================
Received Import Request.
  Time since last request: 0.000031 seconds.
  path: Assets/Audio/SFX/Pause.wav
  artifactKey: Guid(88fa113969721ce4d885cb03f5e47aed) Importer(815301076,1909f56bfc062723c751e8b465ee728b)
Start importing Assets/Audio/SFX/Pause.wav using Guid(88fa113969721ce4d885cb03f5e47aed) Importer(815301076,1909f56bfc062723c751e8b465ee728b)  -> (artifact id: '1a5fe794c630f354f95cf1462ddefcf3') in 0.037572 seconds 
========================================================================
Received Import Request.
  Time since last request: 0.000026 seconds.
  path: Assets/Audio/SFX/Game Over.wav
  artifactKey: Guid(070540e5874d7ee4f955f68dbd1a982b) Importer(815301076,1909f56bfc062723c751e8b465ee728b)
Start importing Assets/Audio/SFX/Game Over.wav using Guid(070540e5874d7ee4f955f68dbd1a982b) Importer(815301076,1909f56bfc062723c751e8b465ee728b)  -> (artifact id: 'c361f8231ca8a2323e2b6292a0ca5f6a') in 0.019326 seconds 
========================================================================
Received Import Request.
  Time since last request: 0.000037 seconds.
  path: Assets/Audio/SFX/Skid.wav
  artifactKey: Guid(47fa134fda51daf40916beb0d94d5313) Importer(815301076,1909f56bfc062723c751e8b465ee728b)
Start importing Assets/Audio/SFX/Skid.wav using Guid(47fa134fda51daf40916beb0d94d5313) Importer(815301076,1909f56bfc062723c751e8b465ee728b)  -> (artifact id: '75ad428f9d58fceb6ac47f7507594ef4') in 0.031955 seconds 
========================================================================
Received Import Request.
  Time since last request: 0.000735 seconds.
  path: Assets/Audio/SFX/Big Jump.wav
  artifactKey: Guid(d258f659f0a02b741b76c9bf839966a2) Importer(815301076,1909f56bfc062723c751e8b465ee728b)
Start importing Assets/Audio/SFX/Big Jump.wav using Guid(d258f659f0a02b741b76c9bf839966a2) Importer(815301076,1909f56bfc062723c751e8b465ee728b)  -> (artifact id: 'd802c6dbfb68f64b16d768319188ebaa') in 0.026117 seconds 
========================================================================
Received Import Request.
  Time since last request: 0.000031 seconds.
  path: Assets/Audio/SFX/Coin.wav
  artifactKey: Guid(a790d0432f2e11a4f9663f55ea910540) Importer(815301076,1909f56bfc062723c751e8b465ee728b)
Start importing Assets/Audio/SFX/Coin.wav using Guid(a790d0432f2e11a4f9663f55ea910540) Importer(815301076,1909f56bfc062723c751e8b465ee728b)  -> (artifact id: '71bc7fe32ce796c0cfeb0cf69b201669') in 0.027116 seconds 
========================================================================
Received Prepare
Registering precompiled user dll's ...
Registered in 0.024385 seconds.
Begin MonoManager ReloadAssembly
Symbol file LoadedFromMemory doesn't match image G:\Proyecto-Pixel-Art\Library\PackageCache\com.unity.visualscripting@1.7.8\Editor\VisualScripting.Core\Dependencies\YamlDotNet\Unity.VisualScripting.YamlDotNet.dll
Symbol file LoadedFromMemory doesn't match image G:\Proyecto-Pixel-Art\Library\PackageCache\com.unity.visualscripting@1.7.8\Editor\VisualScripting.Core\Dependencies\DotNetZip\Unity.VisualScripting.IonicZip.dll
Native extension for WindowsStandalone target not found
Refreshing native plugins compatible for Editor in 0.86 ms, found 4 plugins.
Preloading 0 native plugins for Editor in 0.00 ms.
Mono: successfully reloaded assembly
- Completed reload, in  5.222 seconds
Domain Reload Profiling:
	ReloadAssembly (5225ms)
		BeginReloadAssembly (590ms)
			ExecutionOrderSort (0ms)
			DisableScriptedObjects (16ms)
			BackupInstance (0ms)
			ReleaseScriptingObjects (0ms)
			CreateAndSetChildDomain (165ms)
		EndReloadAssembly (4141ms)
			LoadAssemblies (641ms)
			RebuildTransferFunctionScriptingTraits (1ms)
			SetupTypeCache (1207ms)
			ReleaseScriptCaches (4ms)
			RebuildScriptCaches (224ms)
			SetupLoadedEditorAssemblies (1915ms)
				LogAssemblyErrors (0ms)
				InitializePlatformSupportModulesInManaged (71ms)
				SetLoadedEditorAssemblies (1ms)
				RefreshPlugins (1ms)
				BeforeProcessingInitializeOnLoad (485ms)
				ProcessInitializeOnLoadAttributes (1096ms)
				ProcessInitializeOnLoadMethodAttributes (190ms)
				AfterProcessingInitializeOnLoad (70ms)
				EditorAssembliesLoaded (0ms)
			ExecutionOrderSort2 (0ms)
			AwakeInstancesAfterBackupRestoration (41ms)
Platform modules already initialized, skipping
Refreshing native plugins compatible for Editor in 3.32 ms, found 4 plugins.
Preloading 0 native plugins for Editor in 0.00 ms.
Unloading 4057 Unused Serialized files (Serialized files now loaded: 0)
Unloading 26 unused Assets / (24.7 KB). Loaded Objects now: 4536.
Memory consumption went from 155.5 MB to 155.5 MB.
Total: 5.263900 ms (FindLiveObjects: 0.515100 ms CreateObjectMapping: 0.814300 ms MarkObjects: 3.881100 ms  DeleteObjects: 0.052000 ms)

AssetImportParameters requested are different than current active one (requested -> active):
  custom:video-decoder-ogg-theora: a1e56fd34408186e4bbccfd4996cb3dc -> 
  custom:container-muxer-webm: aa71ff27fc2769a1b78a27578f13a17b -> 
  custom:container-demuxer-webm: 4f35f7cbe854078d1ac9338744f61a02 -> 
  custom:video-encoder-webm-vp8: eb34c28f22e8b96e1ab97ce403110664 -> 
  custom:audio-encoder-webm-vorbis: bf7c407c2cedff20999df2af8eb42d56 -> 
  custom:framework-win-MediaFoundation: 216162199b28c13a410421893ffa2e32 -> 
  custom:container-demuxer-ogg: 62fdf1f143b41e24485cea50d1cbac27 -> 
  custom:video-decoder-webm-vp8: 9c59270c3fd7afecdb556c50c9e8de78 -> 
  custom:audio-decoder-ogg-vorbis: bf7c407c2cedff20999df2af8eb42d56 -> 
Editor requested this worker to shutdown with reason: Scaling down because of idle timeout
AssetImportWorker is now disconnected from the server
Process exiting
Exiting without the bug reporter. Application will terminate with return code 0